<?xml version="1.0" encoding="UTF-8"?>
<testsuite xmlns:xsi="http://www.w3.org/2001/XMLSchema-instance" xsi:noNamespaceSchemaLocation="https://maven.apache.org/surefire/maven-surefire-plugin/xsd/surefire-test-report.xsd" name="TestSuite" time="9.903" tests="12" errors="0" skipped="0" failures="5">
  <properties>
[...]
</properties>
  <testcase name="runScenario" classname="com.pangram.runners.CukesRunner" time="2.969"/>
  <testcase name="runScenario" classname="com.pangram.runners.CukesRunner" time="0.541">
    <failure message="expected [true] but found [false]" type="java.lang.AssertionError">java.lang.AssertionError: expected [true] but found [false]
</failure>
    <system-out><![CDATA[
  Scenario: Post a valid pangram string with 26 or more ASCII characters that starts with empty space                               &amp#27;[90m# src/test/resources/features/PangramTest.feature:7&amp#27;[0m
    &amp#27;[32mGiven &amp#27;[0m&amp#27;[32mI make POST request with string "&amp#27;[0m&amp#27;[32m&amp#27;[1m abcdefghijklmnopqrstuvwxyz&amp#27;[0m&amp#27;[32m"&amp#27;[0m                                                             &amp#27;[90m# PangramTest.i_make_POST_request_with_string(String)&amp#27;[0m
    &amp#27;[31mThen &amp#27;[0m&amp#27;[31mI verify status code returned is &amp#27;[0m&amp#27;[31m&amp#27;[1m200&amp#27;[0m&amp#27;[31m, content type is "&amp#27;[0m&amp#27;[31m&amp#27;[1mapplication/json&amp#27;[0m&amp#27;[31m" and response body "&amp#27;[0m&amp#27;[31m&amp#27;[1mpangram&amp#27;[0m&amp#27;[31m" should contain "&amp#27;[0m&amp#27;[31m&amp#27;[1mtrue&amp#27;[0m&amp#27;[31m"&amp#27;[0m &amp#27;[90m# PangramTest.i_verify_status_code_returned_is_content_type_is_and_response_body_should_contain(int,String,String,String)&amp#27;[0m
      &amp#27;[31mjava.lang.AssertionError: expected [true] but found [false]
	at org.testng.Assert.fail(Assert.java:96)
	at org.testng.Assert.failNotEquals(Assert.java:776)
	at org.testng.Assert.assertEqualsImpl(Assert.java:137)
	at org.testng.Assert.assertEquals(Assert.java:118)
	at org.testng.Assert.assertEquals(Assert.java:453)
	at org.testng.Assert.assertEquals(Assert.java:463)
	at com.pangram.step_definitions.PangramTest.i_verify_status_code_returned_is_content_type_is_and_response_body_should_contain(PangramTest.java:38)
	at ?.I verify status code returned is 200, content type is "application/json" and response body "pangram" should contain "true"(src/test/resources/features/PangramTest.feature:9)
&amp#27;[0m
]]></system-out>
  </testcase>
  <testcase name="runScenario" classname="com.pangram.runners.CukesRunner" time="0.513"/>
  <testcase name="runScenario" classname="com.pangram.runners.CukesRunner" time="0.503">
    <failure message="expected [false] but found [true]" type="java.lang.AssertionError">java.lang.AssertionError: expected [false] but found [true]
</failure>
    <system-out><![CDATA[
  Scenario: Post an invalid pangram string with 26 or more ASCII characters with space instead of missing character                  &amp#27;[90m# src/test/resources/features/PangramTest.feature:15&amp#27;[0m
    &amp#27;[32mGiven &amp#27;[0m&amp#27;[32mI make POST request with string "&amp#27;[0m&amp#27;[32m&amp#27;[1mabcdefghijklmnopqrstuvwxy &amp#27;[0m&amp#27;[32m"&amp#27;[0m                                                               &amp#27;[90m# PangramTest.i_make_POST_request_with_string(String)&amp#27;[0m
    &amp#27;[31mThen &amp#27;[0m&amp#27;[31mI verify status code returned is &amp#27;[0m&amp#27;[31m&amp#27;[1m200&amp#27;[0m&amp#27;[31m, content type is "&amp#27;[0m&amp#27;[31m&amp#27;[1mapplication/json&amp#27;[0m&amp#27;[31m" and response body "&amp#27;[0m&amp#27;[31m&amp#27;[1mpangram&amp#27;[0m&amp#27;[31m" should contain "&amp#27;[0m&amp#27;[31m&amp#27;[1mfalse&amp#27;[0m&amp#27;[31m"&amp#27;[0m &amp#27;[90m# PangramTest.i_verify_status_code_returned_is_content_type_is_and_response_body_should_contain(int,String,String,String)&amp#27;[0m
      &amp#27;[31mjava.lang.AssertionError: expected [false] but found [true]
	at org.testng.Assert.fail(Assert.java:96)
	at org.testng.Assert.failNotEquals(Assert.java:776)
	at org.testng.Assert.assertEqualsImpl(Assert.java:137)
	at org.testng.Assert.assertEquals(Assert.java:118)
	at org.testng.Assert.assertEquals(Assert.java:453)
	at org.testng.Assert.assertEquals(Assert.java:463)
	at com.pangram.step_definitions.PangramTest.i_verify_status_code_returned_is_content_type_is_and_response_body_should_contain(PangramTest.java:38)
	at ?.I verify status code returned is 200, content type is "application/json" and response body "pangram" should contain "false"(src/test/resources/features/PangramTest.feature:17)
&amp#27;[0m
]]></system-out>
  </testcase>
  <testcase name="runScenario" classname="com.pangram.runners.CukesRunner" time="0.484"/>
  <testcase name="runScenario" classname="com.pangram.runners.CukesRunner" time="0.526"/>
  <testcase name="runScenario" classname="com.pangram.runners.CukesRunner" time="0.563">
    <failure message="expected [true] but found [false]" type="java.lang.AssertionError">java.lang.AssertionError: expected [true] but found [false]
</failure>
    <system-out><![CDATA[
  Scenario Outline: Post a valid pangram string with 26 or more ASCII characters                                                    &amp#27;[90m# src/test/resources/features/PangramTestSet.feature:10&amp#27;[0m
    &amp#27;[32mGiven &amp#27;[0m&amp#27;[32mI make POST request with string "&amp#27;[0m&amp#27;[32m&amp#27;[1m.abcdefghijklmnopqrstuvwxyz&amp#27;[0m&amp#27;[32m"&amp#27;[0m                                                             &amp#27;[90m# PangramTest.i_make_POST_request_with_string(String)&amp#27;[0m
    &amp#27;[31mThen &amp#27;[0m&amp#27;[31mI verify status code returned is &amp#27;[0m&amp#27;[31m&amp#27;[1m200&amp#27;[0m&amp#27;[31m, content type is "&amp#27;[0m&amp#27;[31m&amp#27;[1mapplication/json&amp#27;[0m&amp#27;[31m" and response body "&amp#27;[0m&amp#27;[31m&amp#27;[1mpangram&amp#27;[0m&amp#27;[31m" should contain "&amp#27;[0m&amp#27;[31m&amp#27;[1mtrue&amp#27;[0m&amp#27;[31m"&amp#27;[0m &amp#27;[90m# PangramTest.i_verify_status_code_returned_is_content_type_is_and_response_body_should_contain(int,String,String,String)&amp#27;[0m
      &amp#27;[31mjava.lang.AssertionError: expected [true] but found [false]
	at org.testng.Assert.fail(Assert.java:96)
	at org.testng.Assert.failNotEquals(Assert.java:776)
	at org.testng.Assert.assertEqualsImpl(Assert.java:137)
	at org.testng.Assert.assertEquals(Assert.java:118)
	at org.testng.Assert.assertEquals(Assert.java:453)
	at org.testng.Assert.assertEquals(Assert.java:463)
	at com.pangram.step_definitions.PangramTest.i_verify_status_code_returned_is_content_type_is_and_response_body_should_contain(PangramTest.java:38)
	at ?.I verify status code returned is 200, content type is "application/json" and response body "pangram" should contain "true"(src/test/resources/features/PangramTestSet.feature:5)
&amp#27;[0m
]]></system-out>
  </testcase>
  <testcase name="runScenario" classname="com.pangram.runners.CukesRunner" time="0.587"/>
  <testcase name="runScenario" classname="com.pangram.runners.CukesRunner" time="0.511">
    <failure message="expected [false] but found [true]" type="java.lang.AssertionError">java.lang.AssertionError: expected [false] but found [true]
</failure>
    <system-out><![CDATA[
  Scenario Outline: Post an invalid pangram string with 26 or more ASCII characters &amp#27;[90m# src/test/resources/features/PangramTestSet.feature:13&amp#27;[0m
    &amp#27;[36mGiven I make POST request with string "<string>"&amp#27;[0m
    &amp#27;[36mThen I verify status code returned is 200, content type is "application/json" and response body "<key>" should contain "<value>"&amp#27;[0m

    Examples: 

  Scenario Outline: Post an invalid pangram string with 26 or more ASCII characters                                                  &amp#27;[90m# src/test/resources/features/PangramTestSet.feature:19&amp#27;[0m
    &amp#27;[32mGiven &amp#27;[0m&amp#27;[32mI make POST request with string "&amp#27;[0m&amp#27;[32m&amp#27;[1m%bcdefghijklmnopqrstuvwxyZ&amp#27;[0m&amp#27;[32m"&amp#27;[0m                                                               &amp#27;[90m# PangramTest.i_make_POST_request_with_string(String)&amp#27;[0m
    &amp#27;[31mThen &amp#27;[0m&amp#27;[31mI verify status code returned is &amp#27;[0m&amp#27;[31m&amp#27;[1m200&amp#27;[0m&amp#27;[31m, content type is "&amp#27;[0m&amp#27;[31m&amp#27;[1mapplication/json&amp#27;[0m&amp#27;[31m" and response body "&amp#27;[0m&amp#27;[31m&amp#27;[1mpangram&amp#27;[0m&amp#27;[31m" should contain "&amp#27;[0m&amp#27;[31m&amp#27;[1mfalse&amp#27;[0m&amp#27;[31m"&amp#27;[0m &amp#27;[90m# PangramTest.i_verify_status_code_returned_is_content_type_is_and_response_body_should_contain(int,String,String,String)&amp#27;[0m
      &amp#27;[31mjava.lang.AssertionError: expected [false] but found [true]
	at org.testng.Assert.fail(Assert.java:96)
	at org.testng.Assert.failNotEquals(Assert.java:776)
	at org.testng.Assert.assertEqualsImpl(Assert.java:137)
	at org.testng.Assert.assertEquals(Assert.java:118)
	at org.testng.Assert.assertEquals(Assert.java:453)
	at org.testng.Assert.assertEquals(Assert.java:463)
	at com.pangram.step_definitions.PangramTest.i_verify_status_code_returned_is_content_type_is_and_response_body_should_contain(PangramTest.java:38)
	at ?.I verify status code returned is 200, content type is "application/json" and response body "pangram" should contain "false"(src/test/resources/features/PangramTestSet.feature:15)
&amp#27;[0m
]]></system-out>
  </testcase>
  <testcase name="runScenario" classname="com.pangram.runners.CukesRunner" time="0.624"/>
  <testcase name="runScenario" classname="com.pangram.runners.CukesRunner" time="0.5"/>
  <testcase name="runScenario" classname="com.pangram.runners.CukesRunner" time="0.487">
    <failure message="expected [200] but found [404]" type="java.lang.AssertionError">java.lang.AssertionError: expected [200] but found [404]
</failure>
    <system-out><![CDATA[
  Scenario Outline: Post an invalid pangram string with 26 or more ASCII characters                                                  &amp#27;[90m# src/test/resources/features/PangramTestSet.feature:22&amp#27;[0m
    &amp#27;[32mGiven &amp#27;[0m&amp#27;[32mI make POST request with string "&amp#27;[0m&amp#27;[32m&amp#27;[1macdefghijklmnopqrstuvwx%%&amp#27;[0m&amp#27;[32m"&amp#27;[0m                                                                &amp#27;[90m# PangramTest.i_make_POST_request_with_string(String)&amp#27;[0m
    &amp#27;[31mThen &amp#27;[0m&amp#27;[31mI verify status code returned is &amp#27;[0m&amp#27;[31m&amp#27;[1m200&amp#27;[0m&amp#27;[31m, content type is "&amp#27;[0m&amp#27;[31m&amp#27;[1mapplication/json&amp#27;[0m&amp#27;[31m" and response body "&amp#27;[0m&amp#27;[31m&amp#27;[1mpangram&amp#27;[0m&amp#27;[31m" should contain "&amp#27;[0m&amp#27;[31m&amp#27;[1mfalse&amp#27;[0m&amp#27;[31m"&amp#27;[0m &amp#27;[90m# PangramTest.i_verify_status_code_returned_is_content_type_is_and_response_body_should_contain(int,String,String,String)&amp#27;[0m
      &amp#27;[31mjava.lang.AssertionError: expected [200] but found [404]
	at org.testng.Assert.fail(Assert.java:96)
	at org.testng.Assert.failNotEquals(Assert.java:776)
	at org.testng.Assert.assertEqualsImpl(Assert.java:137)
	at org.testng.Assert.assertEquals(Assert.java:118)
	at org.testng.Assert.assertEquals(Assert.java:652)
	at org.testng.Assert.assertEquals(Assert.java:662)
	at com.pangram.step_definitions.PangramTest.i_verify_status_code_returned_is_content_type_is_and_response_body_should_contain(PangramTest.java:37)
	at ?.I verify status code returned is 200, content type is "application/json" and response body "pangram" should contain "false"(src/test/resources/features/PangramTestSet.feature:15)
&amp#27;[0m
]]></system-out>
  </testcase>
</testsuite>